<?xml version="1.0" encoding="UTF-8"?>
<testsuite name="IntegrationTest2" tests="1" skipped="0" failures="0" errors="0" timestamp="2021-05-12T02:21:07" hostname="Waqqass-MacBook-Pro.local" time="15.813">
  <properties/>
  <testcase name="testParallelProcessorsSplitWorkUsingLockedRows()" classname="IntegrationTest2" time="15.813"/>
  <system-out><![CDATA[06:20:58.166 [Test worker] DEBUG org.testcontainers.utility.TestcontainersConfiguration - Testcontainers configuration overrides will be loaded from file:/Users/waqqassheikh/.testcontainers.properties
06:20:58.184 [Test worker] INFO org.testcontainers.dockerclient.DockerClientProviderStrategy - Loaded org.testcontainers.dockerclient.UnixSocketClientProviderStrategy from ~/.testcontainers.properties, will try it first
06:20:59.067 [ducttape-0] DEBUG org.testcontainers.dockerclient.DockerClientProviderStrategy - Pinging docker daemon...
06:20:59.108 [ducttape-0] DEBUG org.testcontainers.shaded.com.github.dockerjava.core.command.AbstrDockerCmd - Cmd: 
06:20:59.826 [Test worker] INFO org.testcontainers.dockerclient.DockerClientProviderStrategy - Found Docker environment with local Unix socket (unix:///var/run/docker.sock)
06:20:59.827 [Test worker] DEBUG org.testcontainers.dockerclient.DockerClientProviderStrategy - Transport type: 'okhttp', Docker host: 'unix:///var/run/docker.sock'
06:20:59.827 [Test worker] DEBUG org.testcontainers.dockerclient.DockerClientProviderStrategy - Checking Docker OS type for local Unix socket (unix:///var/run/docker.sock)
06:20:59.829 [Test worker] INFO org.testcontainers.DockerClientFactory - Docker host IP address is localhost
06:20:59.832 [Test worker] DEBUG org.testcontainers.shaded.com.github.dockerjava.core.command.AbstrDockerCmd - Cmd: 
06:20:59.890 [Test worker] DEBUG org.testcontainers.shaded.com.github.dockerjava.core.command.AbstrDockerCmd - Cmd: 
06:20:59.926 [Test worker] INFO org.testcontainers.DockerClientFactory - Connected to docker: 
  Server Version: 20.10.5
  API Version: 1.41
  Operating System: Docker Desktop
  Total Memory: 1988 MB
06:20:59.927 [Test worker] DEBUG org.testcontainers.DockerClientFactory - Ryuk is enabled
06:20:59.932 [Test worker] INFO org.testcontainers.utility.ImageNameSubstitutor - Image name substitution will be performed by: DefaultImageNameSubstitutor (composite of 'ConfigurationFileImageNameSubstitutor' and 'PrefixingImageNameSubstitutor')
06:20:59.938 [Test worker] DEBUG org.testcontainers.utility.PrefixingImageNameSubstitutor - No prefix is configured
06:20:59.938 [Test worker] DEBUG org.testcontainers.utility.ImageNameSubstitutor - Did not find a substitute image for testcontainers/ryuk:0.3.1 (using image substitutor: DefaultImageNameSubstitutor (composite of 'ConfigurationFileImageNameSubstitutor' and 'PrefixingImageNameSubstitutor'))
06:20:59.941 [Test worker] DEBUG org.testcontainers.shaded.com.github.dockerjava.core.command.AbstrDockerCmd - Cmd: testcontainers/ryuk:0.3.1
06:21:00.066 [Test worker] DEBUG org.testcontainers.utility.RegistryAuthLocator - Looking up auth config for image: testcontainers/ryuk:0.3.1 at registry: index.docker.io
06:21:00.068 [Test worker] DEBUG org.testcontainers.utility.RegistryAuthLocator - RegistryAuthLocator has configFile: /Users/waqqassheikh/.docker/config.json (exists) and commandPathPrefix: 
06:21:00.079 [Test worker] DEBUG org.testcontainers.utility.RegistryAuthLocator - registryName [index.docker.io] for dockerImageName [testcontainers/ryuk:0.3.1]
06:21:00.086 [Test worker] DEBUG org.testcontainers.utility.RegistryAuthLocator - Executing docker credential provider: docker-credential-desktop to locate auth config for: index.docker.io
06:21:00.111 [Test worker] DEBUG org.testcontainers.shaded.org.zeroturnaround.exec.ProcessExecutor - Executing [docker-credential-desktop, get].
06:21:00.133 [Test worker] DEBUG org.testcontainers.shaded.org.zeroturnaround.exec.ProcessExecutor - Started Process[pid=73988, exitValue="not exited"]
06:21:00.267 [WaitForProcess-Process[pid=73988, exitValue="not exited"]] DEBUG org.testcontainers.shaded.org.zeroturnaround.exec.WaitForProcess - Process[pid=73988, exitValue=1] stopped with exit code 1
06:21:00.270 [Test worker] DEBUG org.testcontainers.shaded.org.zeroturnaround.exec.ProcessExecutor - Executing [docker-credential-desktop, get].
06:21:00.275 [Test worker] DEBUG org.testcontainers.shaded.org.zeroturnaround.exec.ProcessExecutor - Started Process[pid=73990, exitValue="not exited"]
06:21:00.321 [WaitForProcess-Process[pid=73990, exitValue="not exited"]] DEBUG org.testcontainers.shaded.org.zeroturnaround.exec.WaitForProcess - Process[pid=73990, exitValue=1] stopped with exit code 1
06:21:00.322 [Test worker] DEBUG org.testcontainers.utility.RegistryAuthLocator - Got credentials not found error message from docker credential helper - credentials not found in native keychain
06:21:00.323 [Test worker] INFO org.testcontainers.utility.RegistryAuthLocator - Credential helper/store (docker-credential-desktop) does not have credentials for index.docker.io
06:21:00.324 [Test worker] DEBUG org.testcontainers.utility.RegistryAuthLocator - No matching Auth Configs - falling back to defaultAuthConfig [null]
06:21:00.324 [Test worker] DEBUG org.testcontainers.dockerclient.AuthDelegatingDockerClientConfig - Effective auth config [null]
06:21:00.329 [Test worker] DEBUG org.testcontainers.shaded.com.github.dockerjava.core.command.AbstrDockerCmd - Cmd: org.testcontainers.shaded.com.github.dockerjava.core.command.CreateContainerCmdImpl@78e4f031[name=testcontainers-ryuk-ad64b984-4483-46e9-a83b-ada5ab17526c,hostName=<null>,domainName=<null>,user=<null>,attachStdin=<null>,attachStdout=<null>,attachStderr=<null>,portSpecs=<null>,tty=<null>,stdinOpen=<null>,stdInOnce=<null>,env=<null>,cmd=<null>,healthcheck=<null>,argsEscaped=<null>,entrypoint=<null>,image=testcontainers/ryuk:0.3.1,volumes=com.github.dockerjava.api.model.Volumes@551a76b2,workingDir=<null>,macAddress=<null>,onBuild=<null>,networkDisabled=<null>,exposedPorts=com.github.dockerjava.api.model.ExposedPorts@6f83167a,stopSignal=<null>,stopTimeout=<null>,hostConfig=HostConfig(binds=[/var/run/docker.sock:/var/run/docker.sock:rw], blkioWeight=null, blkioWeightDevice=null, blkioDeviceReadBps=null, blkioDeviceWriteBps=null, blkioDeviceReadIOps=null, blkioDeviceWriteIOps=null, memorySwappiness=null, nanoCPUs=null, capAdd=null, capDrop=null, containerIDFile=null, cpuPeriod=null, cpuRealtimePeriod=null, cpuRealtimeRuntime=null, cpuShares=null, cpuQuota=null, cpusetCpus=null, cpusetMems=null, devices=null, deviceCgroupRules=null, deviceRequests=null, diskQuota=null, dns=null, dnsOptions=null, dnsSearch=null, extraHosts=null, groupAdd=null, ipcMode=null, cgroup=null, links=[], logConfig=LogConfig(type=null, config=null), lxcConf=null, memory=null, memorySwap=null, memoryReservation=null, kernelMemory=null, networkMode=null, oomKillDisable=null, init=null, autoRemove=true, oomScoreAdj=null, portBindings=null, privileged=false, publishAllPorts=true, readonlyRootfs=null, restartPolicy=null, ulimits=null, cpuCount=null, cpuPercent=null, ioMaximumIOps=null, ioMaximumBandwidth=null, volumesFrom=null, mounts=null, pidMode=null, isolation=null, securityOpts=null, storageOpt=null, cgroupParent=null, volumeDriver=null, shmSize=null, pidsLimit=null, runtime=null, tmpFs=null, utSMode=null, usernsMode=null, sysctls=null, consoleSize=null),labels={org.testcontainers=true},shell=<null>,networkingConfig=<null>,ipv4Address=<null>,ipv6Address=<null>,aliases=<null>,authConfig=<null>]
06:21:00.545 [Test worker] DEBUG org.testcontainers.shaded.com.github.dockerjava.core.command.AbstrDockerCmd - Cmd: a6949499dc78e8a6a4cc13f3312d0e543661632bfeef2248c5675176f89d2883
06:21:02.338 [Test worker] DEBUG org.testcontainers.shaded.com.github.dockerjava.core.command.AbstrDockerCmd - Cmd: a6949499dc78e8a6a4cc13f3312d0e543661632bfeef2248c5675176f89d2883,false
06:21:02.339 [Test worker] DEBUG org.testcontainers.shaded.com.github.dockerjava.core.exec.InspectContainerCmdExec - GET: DefaultWebTarget{path=[/containers/a6949499dc78e8a6a4cc13f3312d0e543661632bfeef2248c5675176f89d2883/json], queryParams={}}
06:21:02.514 [testcontainers-ryuk] DEBUG org.testcontainers.utility.ResourceReaper - Sending 'label=org.testcontainers%3Dtrue&label=org.testcontainers.sessionId%3Dad64b984-4483-46e9-a83b-ada5ab17526c' to Ryuk
06:21:02.518 [testcontainers-ryuk] DEBUG org.testcontainers.utility.ResourceReaper - Received 'ACK' from Ryuk
06:21:02.520 [Test worker] INFO org.testcontainers.DockerClientFactory - Ryuk started - will monitor and terminate Testcontainers containers on JVM exit
06:21:02.522 [Test worker] DEBUG org.testcontainers.DockerClientFactory - Checks are enabled
06:21:02.522 [Test worker] INFO org.testcontainers.DockerClientFactory - Checking the system...
06:21:02.523 [Test worker] INFO org.testcontainers.DockerClientFactory - ✔︎ Docker server version should be at least 1.6.0
06:21:02.530 [Test worker] DEBUG org.testcontainers.shaded.com.github.dockerjava.core.command.AbstrDockerCmd - Cmd: a6949499dc78e8a6a4cc13f3312d0e543661632bfeef2248c5675176f89d2883,<null>,true,<null>,<null>,<null>,<null>,{df,-P},<null>,<null>
06:21:02.692 [Test worker] INFO org.testcontainers.DockerClientFactory - ✔︎ Docker environment should have more than 2GB free disk space
06:21:02.694 [Test worker] DEBUG org.testcontainers.utility.PrefixingImageNameSubstitutor - No prefix is configured
06:21:02.695 [Test worker] DEBUG org.testcontainers.utility.ImageNameSubstitutor - Did not find a substitute image for postgres:13 (using image substitutor: DefaultImageNameSubstitutor (composite of 'ConfigurationFileImageNameSubstitutor' and 'PrefixingImageNameSubstitutor'))
06:21:02.701 [Test worker] DEBUG org.testcontainers.shaded.com.github.dockerjava.core.command.AbstrDockerCmd - Cmd: ListImagesCmdImpl[imageNameFilter=<null>,showAll=false,filters=org.testcontainers.shaded.com.github.dockerjava.core.util.FiltersBuilder@0]
06:21:02.745 [Test worker] DEBUG org.testcontainers.images.AbstractImagePullPolicy - Using locally available and not pulling image: postgres:13
06:21:02.746 [Test worker] DEBUG ]]>&#x1f433;<![CDATA[ [postgres:13] - Starting container: postgres:13
06:21:02.755 [Test worker] DEBUG ]]>&#x1f433;<![CDATA[ [postgres:13] - Trying to start container: postgres:13 (attempt 1/1)
06:21:02.755 [Test worker] DEBUG ]]>&#x1f433;<![CDATA[ [postgres:13] - Starting container: postgres:13
06:21:02.756 [Test worker] INFO ]]>&#x1f433;<![CDATA[ [postgres:13] - Creating container for image: postgres:13
06:21:02.756 [Test worker] DEBUG org.testcontainers.utility.RegistryAuthLocator - Looking up auth config for image: postgres:13 at registry: index.docker.io
06:21:02.757 [Test worker] DEBUG org.testcontainers.utility.RegistryAuthLocator - No matching Auth Configs - falling back to defaultAuthConfig [null]
06:21:02.757 [Test worker] DEBUG org.testcontainers.dockerclient.AuthDelegatingDockerClientConfig - Effective auth config [null]
06:21:02.791 [Test worker] DEBUG org.testcontainers.shaded.com.github.dockerjava.core.command.AbstrDockerCmd - Cmd: org.testcontainers.shaded.com.github.dockerjava.core.command.CreateContainerCmdImpl@7d117ea5[name=<null>,hostName=<null>,domainName=<null>,user=<null>,attachStdin=<null>,attachStdout=<null>,attachStderr=<null>,portSpecs=<null>,tty=<null>,stdinOpen=<null>,stdInOnce=<null>,env={POSTGRES_USER=sa,POSTGRES_PASSWORD=sa,POSTGRES_DB=integration-tests-db},cmd={postgres,-c,fsync=off},healthcheck=<null>,argsEscaped=<null>,entrypoint=<null>,image=postgres:13,volumes=com.github.dockerjava.api.model.Volumes@1f20d241,workingDir=<null>,macAddress=<null>,onBuild=<null>,networkDisabled=<null>,exposedPorts=com.github.dockerjava.api.model.ExposedPorts@7bba3ed8,stopSignal=<null>,stopTimeout=<null>,hostConfig=HostConfig(binds=[], blkioWeight=null, blkioWeightDevice=null, blkioDeviceReadBps=null, blkioDeviceWriteBps=null, blkioDeviceReadIOps=null, blkioDeviceWriteIOps=null, memorySwappiness=null, nanoCPUs=null, capAdd=null, capDrop=null, containerIDFile=null, cpuPeriod=null, cpuRealtimePeriod=null, cpuRealtimeRuntime=null, cpuShares=null, cpuQuota=null, cpusetCpus=null, cpusetMems=null, devices=null, deviceCgroupRules=null, deviceRequests=null, diskQuota=null, dns=null, dnsOptions=null, dnsSearch=null, extraHosts=[], groupAdd=null, ipcMode=null, cgroup=null, links=[], logConfig=LogConfig(type=null, config=null), lxcConf=null, memory=null, memorySwap=null, memoryReservation=null, kernelMemory=null, networkMode=null, oomKillDisable=null, init=null, autoRemove=null, oomScoreAdj=null, portBindings={}, privileged=null, publishAllPorts=true, readonlyRootfs=null, restartPolicy=null, ulimits=null, cpuCount=null, cpuPercent=null, ioMaximumIOps=null, ioMaximumBandwidth=null, volumesFrom=[], mounts=null, pidMode=null, isolation=null, securityOpts=null, storageOpt=null, cgroupParent=null, volumeDriver=null, shmSize=null, pidsLimit=null, runtime=null, tmpFs=null, utSMode=null, usernsMode=null, sysctls=null, consoleSize=null),labels={org.testcontainers=true, org.testcontainers.sessionId=ad64b984-4483-46e9-a83b-ada5ab17526c},shell=<null>,networkingConfig=<null>,ipv4Address=<null>,ipv6Address=<null>,aliases=<null>,authConfig=<null>]
06:21:02.843 [Test worker] INFO ]]>&#x1f433;<![CDATA[ [postgres:13] - Starting container with ID: 71c214234cf81bded39a5eb8c34042fd759666511f8bdd0d9e63d8475d03bf98
06:21:02.844 [Test worker] DEBUG org.testcontainers.shaded.com.github.dockerjava.core.command.AbstrDockerCmd - Cmd: 71c214234cf81bded39a5eb8c34042fd759666511f8bdd0d9e63d8475d03bf98
06:21:06.030 [Test worker] INFO ]]>&#x1f433;<![CDATA[ [postgres:13] - Container postgres:13 is starting: 71c214234cf81bded39a5eb8c34042fd759666511f8bdd0d9e63d8475d03bf98
06:21:06.031 [Test worker] DEBUG org.testcontainers.shaded.com.github.dockerjava.core.command.AbstrDockerCmd - Cmd: 71c214234cf81bded39a5eb8c34042fd759666511f8bdd0d9e63d8475d03bf98,false
06:21:06.032 [Test worker] DEBUG org.testcontainers.shaded.com.github.dockerjava.core.exec.InspectContainerCmdExec - GET: DefaultWebTarget{path=[/containers/71c214234cf81bded39a5eb8c34042fd759666511f8bdd0d9e63d8475d03bf98/json], queryParams={}}
06:21:06.048 [ducttape-0] DEBUG org.testcontainers.shaded.com.github.dockerjava.core.command.AbstrDockerCmd - Cmd: 71c214234cf81bded39a5eb8c34042fd759666511f8bdd0d9e63d8475d03bf98,false
06:21:06.049 [ducttape-0] DEBUG org.testcontainers.shaded.com.github.dockerjava.core.exec.InspectContainerCmdExec - GET: DefaultWebTarget{path=[/containers/71c214234cf81bded39a5eb8c34042fd759666511f8bdd0d9e63d8475d03bf98/json], queryParams={}}
06:21:06.117 [Test worker] DEBUG org.testcontainers.containers.output.WaitingConsumer - STDOUT: The files belonging to this database system will be owned by user "postgres".
06:21:06.118 [Test worker] DEBUG org.testcontainers.containers.output.WaitingConsumer - STDOUT: Data page checksums are disabled.
06:21:06.118 [Test worker] DEBUG org.testcontainers.containers.output.WaitingConsumer - STDOUT: selecting dynamic shared memory implementation ... posix
06:21:06.119 [Test worker] DEBUG org.testcontainers.containers.output.WaitingConsumer - STDOUT: creating subdirectories ... ok
06:21:06.120 [Test worker] DEBUG org.testcontainers.containers.output.WaitingConsumer - STDOUT: fixing permissions on existing directory /var/lib/postgresql/data ... ok
06:21:06.123 [Test worker] DEBUG org.testcontainers.containers.output.WaitingConsumer - STDOUT: 
06:21:06.124 [Test worker] DEBUG org.testcontainers.containers.output.WaitingConsumer - STDOUT: 
06:21:06.124 [Test worker] DEBUG org.testcontainers.containers.output.WaitingConsumer - STDOUT: The default text search configuration will be set to "english".
06:21:06.125 [Test worker] DEBUG org.testcontainers.containers.output.WaitingConsumer - STDOUT: The default database encoding has accordingly been set to "UTF8".
06:21:06.125 [Test worker] DEBUG org.testcontainers.containers.output.WaitingConsumer - STDOUT: The database cluster will be initialized with locale "en_US.utf8".
06:21:06.125 [Test worker] DEBUG org.testcontainers.containers.output.WaitingConsumer - STDOUT: 
06:21:06.126 [Test worker] DEBUG org.testcontainers.containers.output.WaitingConsumer - STDOUT: This user must also own the server process.
06:21:06.146 [Test worker] DEBUG org.testcontainers.containers.output.WaitingConsumer - STDOUT: selecting default max_connections ... 100
06:21:06.176 [Test worker] DEBUG org.testcontainers.containers.output.WaitingConsumer - STDOUT: selecting default shared_buffers ... 128MB
06:21:06.201 [Test worker] DEBUG org.testcontainers.containers.output.WaitingConsumer - STDOUT: selecting default time zone ... Etc/UTC
06:21:06.211 [Test worker] DEBUG org.testcontainers.containers.output.WaitingConsumer - STDOUT: creating configuration files ... ok
06:21:06.373 [Test worker] DEBUG org.testcontainers.containers.output.WaitingConsumer - STDOUT: running bootstrap script ... ok
06:21:06.890 [Test worker] DEBUG org.testcontainers.containers.output.WaitingConsumer - STDOUT: performing post-bootstrap initialization ... ok
06:21:07.212 [Test worker] DEBUG org.testcontainers.containers.output.WaitingConsumer - STDOUT: syncing data to disk ... ok
06:21:07.213 [Test worker] DEBUG org.testcontainers.containers.output.WaitingConsumer - STDERR: --auth-local and --auth-host, the next time you run initdb.
06:21:07.213 [Test worker] DEBUG org.testcontainers.containers.output.WaitingConsumer - STDERR: You can change this by editing pg_hba.conf or using the option -A, or
06:21:07.214 [Test worker] DEBUG org.testcontainers.containers.output.WaitingConsumer - STDERR: initdb: warning: enabling "trust" authentication for local connections
06:21:07.214 [Test worker] DEBUG org.testcontainers.containers.output.WaitingConsumer - STDOUT: 
06:21:07.215 [Test worker] DEBUG org.testcontainers.containers.output.WaitingConsumer - STDOUT:     pg_ctl -D /var/lib/postgresql/data -l logfile start
06:21:07.215 [Test worker] DEBUG org.testcontainers.containers.output.WaitingConsumer - STDOUT: 
06:21:07.215 [Test worker] DEBUG org.testcontainers.containers.output.WaitingConsumer - STDOUT: Success. You can now start the database server using:
06:21:07.216 [Test worker] DEBUG org.testcontainers.containers.output.WaitingConsumer - STDOUT: 
06:21:07.216 [Test worker] DEBUG org.testcontainers.containers.output.WaitingConsumer - STDOUT: 
06:21:07.251 [Test worker] DEBUG org.testcontainers.containers.output.WaitingConsumer - STDOUT: waiting for server to start....2021-05-12 02:21:07.255 UTC [48] LOG:  starting PostgreSQL 13.2 (Debian 13.2-1.pgdg100+1) on x86_64-pc-linux-gnu, compiled by gcc (Debian 8.3.0-6) 8.3.0, 64-bit
06:21:07.262 [Test worker] DEBUG org.testcontainers.containers.output.WaitingConsumer - STDOUT: 2021-05-12 02:21:07.266 UTC [48] LOG:  database system is ready to accept connections
06:21:07.262 [Test worker] DEBUG org.testcontainers.containers.output.WaitingConsumer - STDOUT: 2021-05-12 02:21:07.261 UTC [49] LOG:  database system was shut down at 2021-05-12 02:21:06 UTC
06:21:07.263 [Test worker] DEBUG org.testcontainers.containers.output.WaitingConsumer - STDOUT: 2021-05-12 02:21:07.256 UTC [48] LOG:  listening on Unix socket "/var/run/postgresql/.s.PGSQL.5432"
06:21:07.336 [Test worker] DEBUG org.testcontainers.containers.output.WaitingConsumer - STDOUT:  done
06:21:07.337 [Test worker] DEBUG org.testcontainers.containers.output.WaitingConsumer - STDOUT: server started
06:21:07.476 [Test worker] DEBUG org.testcontainers.containers.output.WaitingConsumer - STDOUT: CREATE DATABASE
06:21:07.487 [Test worker] DEBUG org.testcontainers.containers.output.WaitingConsumer - STDOUT: 2021-05-12 02:21:07.487 UTC [48] LOG:  background worker "logical replication launcher" (PID 55) exited with exit code 1
06:21:07.487 [Test worker] DEBUG org.testcontainers.containers.output.WaitingConsumer - STDOUT: 2021-05-12 02:21:07.491 UTC [50] LOG:  shutting down
06:21:07.488 [Test worker] DEBUG org.testcontainers.containers.output.WaitingConsumer - STDOUT: 2021-05-12 02:21:07.485 UTC [48] LOG:  aborting any active transactions
06:21:07.488 [Test worker] DEBUG org.testcontainers.containers.output.WaitingConsumer - STDOUT: waiting for server to shut down....2021-05-12 02:21:07.484 UTC [48] LOG:  received fast shutdown request
06:21:07.489 [Test worker] DEBUG org.testcontainers.containers.output.WaitingConsumer - STDOUT: 
06:21:07.489 [Test worker] DEBUG org.testcontainers.containers.output.WaitingConsumer - STDOUT: /usr/local/bin/docker-entrypoint.sh: ignoring /docker-entrypoint-initdb.d/*
06:21:07.492 [Test worker] DEBUG org.testcontainers.containers.output.WaitingConsumer - STDOUT: 
06:21:07.493 [Test worker] DEBUG org.testcontainers.containers.output.WaitingConsumer - STDOUT: 
06:21:07.504 [Test worker] DEBUG org.testcontainers.containers.output.WaitingConsumer - STDOUT: 2021-05-12 02:21:07.502 UTC [48] LOG:  database system is shut down
06:21:07.583 [Test worker] DEBUG org.testcontainers.containers.output.WaitingConsumer - STDOUT: server stopped
06:21:07.584 [Test worker] DEBUG org.testcontainers.containers.output.WaitingConsumer - STDOUT: 
06:21:07.585 [Test worker] DEBUG org.testcontainers.containers.output.WaitingConsumer - STDOUT: PostgreSQL init process complete; ready for start up.
06:21:07.585 [Test worker] DEBUG org.testcontainers.containers.output.WaitingConsumer - STDOUT: 
06:21:07.585 [Test worker] DEBUG org.testcontainers.containers.output.WaitingConsumer - STDOUT:  done
06:21:07.606 [Test worker] DEBUG org.testcontainers.containers.output.WaitingConsumer - STDERR: 2021-05-12 02:21:07.609 UTC [1] LOG:  starting PostgreSQL 13.2 (Debian 13.2-1.pgdg100+1) on x86_64-pc-linux-gnu, compiled by gcc (Debian 8.3.0-6) 8.3.0, 64-bit
06:21:07.606 [Test worker] DEBUG org.testcontainers.containers.output.WaitingConsumer - STDERR: 2021-05-12 02:21:07.610 UTC [1] LOG:  listening on IPv6 address "::", port 5432
06:21:07.607 [Test worker] DEBUG org.testcontainers.containers.output.WaitingConsumer - STDERR: 2021-05-12 02:21:07.610 UTC [1] LOG:  listening on IPv4 address "0.0.0.0", port 5432
06:21:07.618 [Test worker] DEBUG org.testcontainers.containers.output.WaitingConsumer - STDERR: 2021-05-12 02:21:07.615 UTC [76] LOG:  database system was shut down at 2021-05-12 02:21:07 UTC
06:21:07.618 [Test worker] DEBUG org.testcontainers.containers.output.WaitingConsumer - STDERR: 2021-05-12 02:21:07.611 UTC [1] LOG:  listening on Unix socket "/var/run/postgresql/.s.PGSQL.5432"
06:21:07.630 [Test worker] DEBUG org.testcontainers.containers.output.WaitingConsumer - STDERR: 2021-05-12 02:21:07.623 UTC [1] LOG:  database system is ready to accept connections
06:21:07.632 [Test worker] INFO ]]>&#x1f433;<![CDATA[ [postgres:13] - Container postgres:13 started in PT4.937269S
06:21:07.643 [Test worker] INFO org.testcontainers.ext.ScriptUtils - Executing database script from init.sql
06:21:07.653 [Test worker] DEBUG org.testcontainers.shaded.com.github.dockerjava.core.command.AbstrDockerCmd - Cmd: 71c214234cf81bded39a5eb8c34042fd759666511f8bdd0d9e63d8475d03bf98,false
06:21:07.653 [Test worker] DEBUG org.testcontainers.shaded.com.github.dockerjava.core.exec.InspectContainerCmdExec - GET: DefaultWebTarget{path=[/containers/71c214234cf81bded39a5eb8c34042fd759666511f8bdd0d9e63d8475d03bf98/json], queryParams={}}
06:21:07.661 [Test worker] DEBUG ]]>&#x1f433;<![CDATA[ [postgres:13] - Trying to create JDBC connection using org.postgresql.Driver to jdbc:postgresql://localhost:55017/integration-tests-db?loggerLevel=OFF with properties: {password=sa, user=sa}
06:21:07.777 [Test worker] DEBUG org.testcontainers.jdbc.JdbcDatabaseDelegate - false returned as updateCount for SQL: CREATE TABLE IF NOT EXISTS source( id serial PRIMARY KEY, user_json VARCHAR ( 1000 ) NOT NULL )
06:21:07.785 [Test worker] DEBUG org.testcontainers.jdbc.JdbcDatabaseDelegate - false returned as updateCount for SQL: CREATE TABLE IF NOT EXISTS destination( id serial PRIMARY KEY, first_name VARCHAR ( 1000 ) NOT NULL, last_name VARCHAR(100) NOT NULL, processed_by VARCHAR(100) NOT NULL )
06:21:07.790 [Test worker] DEBUG org.testcontainers.jdbc.JdbcDatabaseDelegate - false returned as updateCount for SQL: INSERT INTO source (user_json) VALUES ('{"firstName":"Harry", "lastName":"Potter"}'), ('{"firstName":"Ron", "lastName":"Weasley"}'), ('{"firstName":"Neville", "lastName":"Longbottom"}'), ('{"firstName":"Albus", "lastName":"Dumbledore"}'), ('{"firstName":"Severus", "lastName":"Snape"}'), ('{"firstName":"Draco", "lastName":"Malfoy"}'), ('{"firstName":"Remus", "lastName":"Lupin"}'), ('{"firstName":"Dean", "lastName":"Thomas"}'), ('{"firstName":"Jack", "lastName":"Torrence"}'), ('{"firstName":"Tom", "lastName":"Riddle"}'), ('{"firstName":"Hermione", "lastName":"Granger"}'), ('{"firstName":"Ginny", "lastName":"Weasley"}'), ('{"firstName":"Minerva", "lastName":"McGonogal"}'), ('{"firstName":"Dolores", "lastName":"Umbridge"}'), ('{"firstName":"Cho", "lastName":"Chang"}'), ('{"firstName":"Lavender", "lastName":"Brown"}'), ('{"firstName":"Belatrix", "lastName":"Lestrange"}'), ('{"firstName":"Narcissa", "lastName":"Malfoy"}'), ('{"firstName":"Nymphodora", "lastName":"Tonks"}'), ('{"firstName":"Jessica", "lastName":"Lupin"}')
06:21:07.790 [Test worker] INFO org.testcontainers.ext.ScriptUtils - Executed database script from init.sql in 147 ms.
06:21:07.800 [Test worker] DEBUG com.zaxxer.hikari.HikariConfig - HikariPool-1 - configuration:
06:21:07.802 [Test worker] DEBUG com.zaxxer.hikari.HikariConfig - allowPoolSuspension................................false
06:21:07.803 [Test worker] DEBUG com.zaxxer.hikari.HikariConfig - autoCommit................................true
06:21:07.803 [Test worker] DEBUG com.zaxxer.hikari.HikariConfig - catalog................................none
06:21:07.803 [Test worker] DEBUG com.zaxxer.hikari.HikariConfig - connectionInitSql................................none
06:21:07.803 [Test worker] DEBUG com.zaxxer.hikari.HikariConfig - connectionTestQuery................................none
06:21:07.804 [Test worker] DEBUG com.zaxxer.hikari.HikariConfig - connectionTimeout................................30000
06:21:07.804 [Test worker] DEBUG com.zaxxer.hikari.HikariConfig - dataSource................................none
06:21:07.804 [Test worker] DEBUG com.zaxxer.hikari.HikariConfig - dataSourceClassName................................"org.postgresql.ds.PGSimpleDataSource"
06:21:07.804 [Test worker] DEBUG com.zaxxer.hikari.HikariConfig - dataSourceJNDI................................none
06:21:07.805 [Test worker] DEBUG com.zaxxer.hikari.HikariConfig - dataSourceProperties................................{password=<masked>, user=sa, url=jdbc:postgresql://localhost:55017/integration-tests-db?loggerLevel=OFF}
06:21:07.806 [Test worker] DEBUG com.zaxxer.hikari.HikariConfig - driverClassName................................none
06:21:07.806 [Test worker] DEBUG com.zaxxer.hikari.HikariConfig - exceptionOverrideClassName................................none
06:21:07.806 [Test worker] DEBUG com.zaxxer.hikari.HikariConfig - healthCheckProperties................................{}
06:21:07.806 [Test worker] DEBUG com.zaxxer.hikari.HikariConfig - healthCheckRegistry................................none
06:21:07.807 [Test worker] DEBUG com.zaxxer.hikari.HikariConfig - idleTimeout................................600000
06:21:07.807 [Test worker] DEBUG com.zaxxer.hikari.HikariConfig - initializationFailTimeout................................1
06:21:07.807 [Test worker] DEBUG com.zaxxer.hikari.HikariConfig - isolateInternalQueries................................false
06:21:07.807 [Test worker] DEBUG com.zaxxer.hikari.HikariConfig - jdbcUrl................................none
06:21:07.808 [Test worker] DEBUG com.zaxxer.hikari.HikariConfig - keepaliveTime................................0
06:21:07.808 [Test worker] DEBUG com.zaxxer.hikari.HikariConfig - leakDetectionThreshold................................0
06:21:07.808 [Test worker] DEBUG com.zaxxer.hikari.HikariConfig - maxLifetime................................1800000
06:21:07.809 [Test worker] DEBUG com.zaxxer.hikari.HikariConfig - maximumPoolSize................................10
06:21:07.809 [Test worker] DEBUG com.zaxxer.hikari.HikariConfig - metricRegistry................................none
06:21:07.810 [Test worker] DEBUG com.zaxxer.hikari.HikariConfig - metricsTrackerFactory................................none
06:21:07.810 [Test worker] DEBUG com.zaxxer.hikari.HikariConfig - minimumIdle................................10
06:21:07.810 [Test worker] DEBUG com.zaxxer.hikari.HikariConfig - password................................<masked>
06:21:07.811 [Test worker] DEBUG com.zaxxer.hikari.HikariConfig - poolName................................"HikariPool-1"
06:21:07.811 [Test worker] DEBUG com.zaxxer.hikari.HikariConfig - readOnly................................false
06:21:07.811 [Test worker] DEBUG com.zaxxer.hikari.HikariConfig - registerMbeans................................false
06:21:07.812 [Test worker] DEBUG com.zaxxer.hikari.HikariConfig - scheduledExecutor................................none
06:21:07.812 [Test worker] DEBUG com.zaxxer.hikari.HikariConfig - schema................................none
06:21:07.812 [Test worker] DEBUG com.zaxxer.hikari.HikariConfig - threadFactory................................internal
06:21:07.813 [Test worker] DEBUG com.zaxxer.hikari.HikariConfig - transactionIsolation................................default
06:21:07.813 [Test worker] DEBUG com.zaxxer.hikari.HikariConfig - username................................none
06:21:07.813 [Test worker] DEBUG com.zaxxer.hikari.HikariConfig - validationTimeout................................5000
06:21:07.815 [Test worker] INFO com.zaxxer.hikari.HikariDataSource - HikariPool-1 - Starting...
06:21:07.905 [Test worker] DEBUG com.zaxxer.hikari.pool.HikariPool - HikariPool-1 - Added connection org.postgresql.jdbc.PgConnection@37e69770
06:21:07.907 [Test worker] INFO com.zaxxer.hikari.HikariDataSource - HikariPool-1 - Start completed.
06:21:08.013 [HikariPool-1 housekeeper] DEBUG com.zaxxer.hikari.pool.HikariPool - HikariPool-1 - Pool stats (total=1, active=0, idle=1, waiting=0)
06:21:08.148 [HikariPool-1 connection adder] DEBUG com.zaxxer.hikari.pool.HikariPool - HikariPool-1 - Added connection org.postgresql.jdbc.PgConnection@2a4ea2c0
06:21:08.204 [HikariPool-1 connection adder] DEBUG com.zaxxer.hikari.pool.HikariPool - HikariPool-1 - Added connection org.postgresql.jdbc.PgConnection@248959f9
06:21:08.227 [HikariPool-1 connection adder] DEBUG com.zaxxer.hikari.pool.HikariPool - HikariPool-1 - Added connection org.postgresql.jdbc.PgConnection@20b6c9b0
06:21:08.283 [HikariPool-1 connection adder] DEBUG com.zaxxer.hikari.pool.HikariPool - HikariPool-1 - Added connection org.postgresql.jdbc.PgConnection@65b453c2
06:21:08.318 [HikariPool-1 connection adder] DEBUG com.zaxxer.hikari.pool.HikariPool - HikariPool-1 - Added connection org.postgresql.jdbc.PgConnection@3ab3b516
06:21:08.345 [HikariPool-1 connection adder] DEBUG com.zaxxer.hikari.pool.HikariPool - HikariPool-1 - Added connection org.postgresql.jdbc.PgConnection@541b7528
06:21:08.384 [HikariPool-1 connection adder] DEBUG com.zaxxer.hikari.pool.HikariPool - HikariPool-1 - Added connection org.postgresql.jdbc.PgConnection@42f6cd52
06:21:08.411 [HikariPool-1 connection adder] DEBUG com.zaxxer.hikari.pool.HikariPool - HikariPool-1 - Added connection org.postgresql.jdbc.PgConnection@59bac8d
06:21:08.442 [HikariPool-1 connection adder] DEBUG com.zaxxer.hikari.pool.HikariPool - HikariPool-1 - Added connection org.postgresql.jdbc.PgConnection@22a7b22d
06:21:08.442 [HikariPool-1 connection adder] DEBUG com.zaxxer.hikari.pool.HikariPool - HikariPool-1 - After adding stats (total=10, active=2, idle=8, waiting=0)
06:21:10.585 [Test worker] DEBUG org.testcontainers.utility.PrefixingImageNameSubstitutor - No prefix is configured
06:21:10.585 [Test worker] DEBUG org.testcontainers.utility.ImageNameSubstitutor - Did not find a substitute image for postgres:13 (using image substitutor: DefaultImageNameSubstitutor (composite of 'ConfigurationFileImageNameSubstitutor' and 'PrefixingImageNameSubstitutor'))
06:21:20.643 [Test worker] DEBUG org.testcontainers.shaded.com.github.dockerjava.core.command.AbstrDockerCmd - Cmd: 71c214234cf81bded39a5eb8c34042fd759666511f8bdd0d9e63d8475d03bf98,false
06:21:20.643 [Test worker] DEBUG org.testcontainers.shaded.com.github.dockerjava.core.exec.InspectContainerCmdExec - GET: DefaultWebTarget{path=[/containers/71c214234cf81bded39a5eb8c34042fd759666511f8bdd0d9e63d8475d03bf98/json], queryParams={}}
06:21:20.660 [Test worker] DEBUG org.testcontainers.shaded.com.github.dockerjava.core.command.AbstrDockerCmd - Cmd: 71c214234cf81bded39a5eb8c34042fd759666511f8bdd0d9e63d8475d03bf98,<null>
06:21:23.646 [Test worker] DEBUG org.testcontainers.shaded.com.github.dockerjava.core.command.AbstrDockerCmd - Cmd: 71c214234cf81bded39a5eb8c34042fd759666511f8bdd0d9e63d8475d03bf98,false
06:21:23.646 [Test worker] DEBUG org.testcontainers.shaded.com.github.dockerjava.core.exec.InspectContainerCmdExec - GET: DefaultWebTarget{path=[/containers/71c214234cf81bded39a5eb8c34042fd759666511f8bdd0d9e63d8475d03bf98/json], queryParams={}}
06:21:23.656 [Test worker] DEBUG org.testcontainers.shaded.com.github.dockerjava.core.command.AbstrDockerCmd - Cmd: 71c214234cf81bded39a5eb8c34042fd759666511f8bdd0d9e63d8475d03bf98,true,true
06:21:23.719 [Test worker] DEBUG org.testcontainers.utility.ResourceReaper - Removed container and associated volume(s): postgres:13
]]></system-out>
  <system-err><![CDATA[]]></system-err>
</testsuite>
